layer: 1 shape: 20*1*5*5=500
0.0126133 1
0.00244933 0
0.00333758 1
0.0110602 1
0.0104215 1
0.0302512 1
0.00767645 1
0.00408625 1
0.0049594 1
0.00668595 1
0.00394521 1
0.00582177 1
0.0240129 1
0.00117658 0
0.00681633 1
0.0107816 1
0.00257378 0
0.00665086 1
0.0528185 1
0.0281697 1

layer: 3 shape: 50*20*5*5=25000
0.00143231 0
0.00461575 1
0.00291212 1
0.011277 1
0.00880923 1
0.00714706 1
0.00390327 1
0.0193488 1
0.00115046 0
0.00383723 1
0.00151318 0
0.000690075 0
5.44175e-05 0
0.00710553 1
0.00222504 0
0.000228487 0
0.0147447 1
0.00277569 1
0.0033846 1
0.00201911 0
0.00586488 1
0.00416618 1
0.00179913 0
0.0139598 1
0.00591679 1
0.00283275 1
0.0017563 0
0.000653711 0
0.00251718 0
0.0150242 1
0.00575435 1
0.00137997 0
0.00201862 0
0.00816163 1
0.0069268 1
0.00693954 1
0.0154283 1
0.00412093 1
5.38378e-05 0
0.000465583 0
0.00606032 1
0.00455328 1
0.0042187 1
0.00909582 1
0.000837134 0
0.0038081 1
8.10584e-05 0
0.00514205 1
0.00934106 1
0.0148314 1

